<?xml version="1.0" encoding="UTF-8"?>
<testng-results skipped="0" failed="0" total="1" passed="1">
  <reporter-output>
  </reporter-output>
  <suite name="Default suite" duration-ms="59744" started-at="2020-09-28T09:00:03Z" finished-at="2020-09-28T09:01:03Z">
    <groups>
    </groups>
    <test name="Default test" duration-ms="59744" started-at="2020-09-28T09:00:03Z" finished-at="2020-09-28T09:01:03Z">
      <class name="Mobile_Selenium_TestNG_Maven_Assignment.AndriodAppiumAssignment.DW007_TC">
        <test-method status="PASS" signature="URLLaunch()[pri:0, instance:Mobile_Selenium_TestNG_Maven_Assignment.AndriodAppiumAssignment.DW007_TC@132ec19]" name="URLLaunch" is-config="true" duration-ms="39299" started-at="2020-09-28T14:30:03Z" finished-at="2020-09-28T14:30:43Z">
          <reporter-output>
          </reporter-output>
        </test-method> <!-- URLLaunch -->
        <test-method status="PASS" signature="Login()[pri:0, instance:Mobile_Selenium_TestNG_Maven_Assignment.AndriodAppiumAssignment.DW007_TC@132ec19]" name="Login" duration-ms="15403" started-at="2020-09-28T14:30:43Z" finished-at="2020-09-28T14:30:58Z">
          <reporter-output>
          </reporter-output>
        </test-method> <!-- Login -->
        <test-method status="PASS" signature="LogOut()[pri:0, instance:Mobile_Selenium_TestNG_Maven_Assignment.AndriodAppiumAssignment.DW007_TC@132ec19]" name="LogOut" is-config="true" duration-ms="5001" started-at="2020-09-28T14:30:58Z" finished-at="2020-09-28T14:31:03Z">
          <reporter-output>
          </reporter-output>
        </test-method> <!-- LogOut -->
      </class> <!-- Mobile_Selenium_TestNG_Maven_Assignment.AndriodAppiumAssignment.DW007_TC -->
    </test> <!-- Default test -->
  </suite> <!-- Default suite -->
</testng-results>
